D:\MSYS64\HOME\SULTAN\WORK\VA\LAB_07\LAB_07\LAB_07\DEBUG\READDATA.OBJ
D:\MSYS64\HOME\SULTAN\WORK\VA\LAB_07\LAB_07\LAB_07\DEBUG\.NETFRAMEWORK,VERSION=V4.5.ASSEMBLYATTRIBUTES.OBJ
D:\MSYS64\HOME\SULTAN\WORK\VA\LAB_07\LAB_07\LAB_07\DEBUG\VC110.PDB
D:\MSYS64\HOME\SULTAN\WORK\VA\LAB_07\LAB_07\LAB_07\DEBUG\MAINFORM.OBJ
D:\msys64\home\Sultan\work\VA\lab_07\lab_07\lab_07\Debug\lab_07.mainForm.resources
D:\MSYS64\HOME\SULTAN\WORK\VA\LAB_07\LAB_07\DEBUG\LAB_07.ILK
D:\MSYS64\HOME\SULTAN\WORK\VA\LAB_07\LAB_07\DEBUG\LAB_07.EXE
D:\MSYS64\HOME\SULTAN\WORK\VA\LAB_07\LAB_07\DEBUG\LAB_07.PDB
D:\msys64\home\Sultan\work\VA\lab_07\lab_07\lab_07\Debug\lab_07.vcxproj.GenerateResource.Cache
D:\msys64\home\Sultan\work\VA\lab_07\lab_07\lab_07\Debug\lab_07.vcxprojResolveAssemblyReference.cache
D:\msys64\home\Sultan\work\VA\lab_07\lab_07\lab_07\Debug\.NETFramework,Version=v4.5.AssemblyAttributes.obj
D:\msys64\home\Sultan\work\VA\lab_07\lab_07\lab_07\Debug\mainForm.obj
D:\msys64\home\Sultan\work\VA\lab_07\lab_07\lab_07\Debug\readData.obj
D:\msys64\home\Sultan\work\VA\lab_07\lab_07\lab_07\Debug\cl.command.1.tlog
D:\msys64\home\Sultan\work\VA\lab_07\lab_07\lab_07\Debug\CL.read.1.tlog
D:\msys64\home\Sultan\work\VA\lab_07\lab_07\lab_07\Debug\CL.write.1.tlog
D:\msys64\home\Sultan\work\VA\lab_07\lab_07\lab_07\Debug\lab_07.write.1.tlog
D:\msys64\home\Sultan\work\VA\lab_07\lab_07\lab_07\Debug\link.10036-cvtres.read.1.tlog
D:\msys64\home\Sultan\work\VA\lab_07\lab_07\lab_07\Debug\link.10036-cvtres.write.1.tlog
D:\msys64\home\Sultan\work\VA\lab_07\lab_07\lab_07\Debug\link.10036-rc.read.1.tlog
D:\msys64\home\Sultan\work\VA\lab_07\lab_07\lab_07\Debug\link.10036-rc.write.1.tlog
D:\msys64\home\Sultan\work\VA\lab_07\lab_07\lab_07\Debug\link.10036.read.1.tlog
D:\msys64\home\Sultan\work\VA\lab_07\lab_07\lab_07\Debug\link.10036.write.1.tlog
D:\msys64\home\Sultan\work\VA\lab_07\lab_07\lab_07\Debug\link.10552-cvtres.read.1.tlog
D:\msys64\home\Sultan\work\VA\lab_07\lab_07\lab_07\Debug\link.10552-cvtres.write.1.tlog
D:\msys64\home\Sultan\work\VA\lab_07\lab_07\lab_07\Debug\link.10552-rc.read.1.tlog
D:\msys64\home\Sultan\work\VA\lab_07\lab_07\lab_07\Debug\link.10552-rc.write.1.tlog
D:\msys64\home\Sultan\work\VA\lab_07\lab_07\lab_07\Debug\link.10552.read.1.tlog
D:\msys64\home\Sultan\work\VA\lab_07\lab_07\lab_07\Debug\link.10552.write.1.tlog
D:\msys64\home\Sultan\work\VA\lab_07\lab_07\lab_07\Debug\link.10664-cvtres.read.1.tlog
D:\msys64\home\Sultan\work\VA\lab_07\lab_07\lab_07\Debug\link.10664-cvtres.write.1.tlog
D:\msys64\home\Sultan\work\VA\lab_07\lab_07\lab_07\Debug\link.10664-rc.read.1.tlog
D:\msys64\home\Sultan\work\VA\lab_07\lab_07\lab_07\Debug\link.10664-rc.write.1.tlog
D:\msys64\home\Sultan\work\VA\lab_07\lab_07\lab_07\Debug\link.10664.read.1.tlog
D:\msys64\home\Sultan\work\VA\lab_07\lab_07\lab_07\Debug\link.10664.write.1.tlog
D:\msys64\home\Sultan\work\VA\lab_07\lab_07\lab_07\Debug\link.11112-cvtres.read.1.tlog
D:\msys64\home\Sultan\work\VA\lab_07\lab_07\lab_07\Debug\link.11112-cvtres.write.1.tlog
D:\msys64\home\Sultan\work\VA\lab_07\lab_07\lab_07\Debug\link.11112-rc.read.1.tlog
D:\msys64\home\Sultan\work\VA\lab_07\lab_07\lab_07\Debug\link.11112-rc.write.1.tlog
D:\msys64\home\Sultan\work\VA\lab_07\lab_07\lab_07\Debug\link.11112.read.1.tlog
D:\msys64\home\Sultan\work\VA\lab_07\lab_07\lab_07\Debug\link.11112.write.1.tlog
D:\msys64\home\Sultan\work\VA\lab_07\lab_07\lab_07\Debug\link.116-cvtres.read.1.tlog
D:\msys64\home\Sultan\work\VA\lab_07\lab_07\lab_07\Debug\link.116-cvtres.write.1.tlog
D:\msys64\home\Sultan\work\VA\lab_07\lab_07\lab_07\Debug\link.116-rc.read.1.tlog
D:\msys64\home\Sultan\work\VA\lab_07\lab_07\lab_07\Debug\link.116-rc.write.1.tlog
D:\msys64\home\Sultan\work\VA\lab_07\lab_07\lab_07\Debug\link.116.read.1.tlog
D:\msys64\home\Sultan\work\VA\lab_07\lab_07\lab_07\Debug\link.116.write.1.tlog
D:\msys64\home\Sultan\work\VA\lab_07\lab_07\lab_07\Debug\link.3600-cvtres.read.1.tlog
D:\msys64\home\Sultan\work\VA\lab_07\lab_07\lab_07\Debug\link.3600-cvtres.write.1.tlog
D:\msys64\home\Sultan\work\VA\lab_07\lab_07\lab_07\Debug\link.3600-rc.read.1.tlog
D:\msys64\home\Sultan\work\VA\lab_07\lab_07\lab_07\Debug\link.3600-rc.write.1.tlog
D:\msys64\home\Sultan\work\VA\lab_07\lab_07\lab_07\Debug\link.3600.read.1.tlog
D:\msys64\home\Sultan\work\VA\lab_07\lab_07\lab_07\Debug\link.3600.write.1.tlog
D:\msys64\home\Sultan\work\VA\lab_07\lab_07\lab_07\Debug\link.6540-cvtres.read.1.tlog
D:\msys64\home\Sultan\work\VA\lab_07\lab_07\lab_07\Debug\link.6540-cvtres.write.1.tlog
D:\msys64\home\Sultan\work\VA\lab_07\lab_07\lab_07\Debug\link.6540-rc.read.1.tlog
D:\msys64\home\Sultan\work\VA\lab_07\lab_07\lab_07\Debug\link.6540-rc.write.1.tlog
D:\msys64\home\Sultan\work\VA\lab_07\lab_07\lab_07\Debug\link.6540.read.1.tlog
D:\msys64\home\Sultan\work\VA\lab_07\lab_07\lab_07\Debug\link.6540.write.1.tlog
D:\msys64\home\Sultan\work\VA\lab_07\lab_07\lab_07\Debug\link.8380-cvtres.read.1.tlog
D:\msys64\home\Sultan\work\VA\lab_07\lab_07\lab_07\Debug\link.8380-cvtres.write.1.tlog
D:\msys64\home\Sultan\work\VA\lab_07\lab_07\lab_07\Debug\link.8380-rc.read.1.tlog
D:\msys64\home\Sultan\work\VA\lab_07\lab_07\lab_07\Debug\link.8380-rc.write.1.tlog
D:\msys64\home\Sultan\work\VA\lab_07\lab_07\lab_07\Debug\link.8380.read.1.tlog
D:\msys64\home\Sultan\work\VA\lab_07\lab_07\lab_07\Debug\link.8380.write.1.tlog
D:\msys64\home\Sultan\work\VA\lab_07\lab_07\lab_07\Debug\link.8496-cvtres.read.1.tlog
D:\msys64\home\Sultan\work\VA\lab_07\lab_07\lab_07\Debug\link.8496-cvtres.write.1.tlog
D:\msys64\home\Sultan\work\VA\lab_07\lab_07\lab_07\Debug\link.8496-rc.read.1.tlog
D:\msys64\home\Sultan\work\VA\lab_07\lab_07\lab_07\Debug\link.8496-rc.write.1.tlog
D:\msys64\home\Sultan\work\VA\lab_07\lab_07\lab_07\Debug\link.8496.read.1.tlog
D:\msys64\home\Sultan\work\VA\lab_07\lab_07\lab_07\Debug\link.8496.write.1.tlog
D:\msys64\home\Sultan\work\VA\lab_07\lab_07\lab_07\Debug\link.8568-cvtres.read.1.tlog
D:\msys64\home\Sultan\work\VA\lab_07\lab_07\lab_07\Debug\link.8568-cvtres.write.1.tlog
D:\msys64\home\Sultan\work\VA\lab_07\lab_07\lab_07\Debug\link.8568-rc.read.1.tlog
D:\msys64\home\Sultan\work\VA\lab_07\lab_07\lab_07\Debug\link.8568-rc.write.1.tlog
D:\msys64\home\Sultan\work\VA\lab_07\lab_07\lab_07\Debug\link.8568.read.1.tlog
D:\msys64\home\Sultan\work\VA\lab_07\lab_07\lab_07\Debug\link.8568.write.1.tlog
D:\msys64\home\Sultan\work\VA\lab_07\lab_07\lab_07\Debug\link.9496-cvtres.read.1.tlog
D:\msys64\home\Sultan\work\VA\lab_07\lab_07\lab_07\Debug\link.9496-cvtres.write.1.tlog
D:\msys64\home\Sultan\work\VA\lab_07\lab_07\lab_07\Debug\link.9496-rc.read.1.tlog
D:\msys64\home\Sultan\work\VA\lab_07\lab_07\lab_07\Debug\link.9496-rc.write.1.tlog
D:\msys64\home\Sultan\work\VA\lab_07\lab_07\lab_07\Debug\link.9496.read.1.tlog
D:\msys64\home\Sultan\work\VA\lab_07\lab_07\lab_07\Debug\link.9496.write.1.tlog
D:\msys64\home\Sultan\work\VA\lab_07\lab_07\lab_07\Debug\link.9560-cvtres.read.1.tlog
D:\msys64\home\Sultan\work\VA\lab_07\lab_07\lab_07\Debug\link.9560-cvtres.write.1.tlog
D:\msys64\home\Sultan\work\VA\lab_07\lab_07\lab_07\Debug\link.9560-rc.read.1.tlog
D:\msys64\home\Sultan\work\VA\lab_07\lab_07\lab_07\Debug\link.9560-rc.write.1.tlog
D:\msys64\home\Sultan\work\VA\lab_07\lab_07\lab_07\Debug\link.9560.read.1.tlog
D:\msys64\home\Sultan\work\VA\lab_07\lab_07\lab_07\Debug\link.9560.write.1.tlog
D:\msys64\home\Sultan\work\VA\lab_07\lab_07\lab_07\Debug\link.9688-cvtres.read.1.tlog
D:\msys64\home\Sultan\work\VA\lab_07\lab_07\lab_07\Debug\link.9688-cvtres.write.1.tlog
D:\msys64\home\Sultan\work\VA\lab_07\lab_07\lab_07\Debug\link.9688-rc.read.1.tlog
D:\msys64\home\Sultan\work\VA\lab_07\lab_07\lab_07\Debug\link.9688-rc.write.1.tlog
D:\msys64\home\Sultan\work\VA\lab_07\lab_07\lab_07\Debug\link.9688.read.1.tlog
D:\msys64\home\Sultan\work\VA\lab_07\lab_07\lab_07\Debug\link.9688.write.1.tlog
D:\msys64\home\Sultan\work\VA\lab_07\lab_07\lab_07\Debug\link.command.1.tlog
D:\msys64\home\Sultan\work\VA\lab_07\lab_07\lab_07\Debug\link.read.1.tlog
D:\msys64\home\Sultan\work\VA\lab_07\lab_07\lab_07\Debug\link.write.1.tlog
D:\msys64\home\Sultan\work\VA\lab_07\lab_07\lab_07\Debug\metagen.read.1.tlog
D:\msys64\home\Sultan\work\VA\lab_07\lab_07\lab_07\Debug\metagen.write.1.tlog
D:\msys64\home\Sultan\work\VA\lab_07\lab_07\lab_07\Debug\vc110.pdb
D:\msys64\home\Sultan\work\VA\lab_07\lab_07\lab_07\Debug\TZRES.DLL.bi
D:\msys64\home\Sultan\work\VA\lab_07\lab_07\Debug\lab_07.pdb
D:\msys64\home\Sultan\work\VA\lab_07\lab_07\Debug\lab_07.exe
D:\msys64\home\Sultan\work\VA\lab_07\lab_07\Debug\lab_07.ilk
